\BOOKMARK [1][-]{section.1}{Problem Statement 1}{}% 1
\BOOKMARK [2][-]{subsection.1.1}{Problem Statement}{section.1}% 2
\BOOKMARK [2][-]{subsection.1.2}{specification}{section.1}% 3
\BOOKMARK [2][-]{subsection.1.3}{Assumptions}{section.1}% 4
\BOOKMARK [2][-]{subsection.1.4}{Program Structure}{section.1}% 5
\BOOKMARK [2][-]{subsection.1.5}{Algorithm and Implementation}{section.1}% 6
\BOOKMARK [2][-]{subsection.1.6}{Input and Output format}{section.1}% 7
\BOOKMARK [2][-]{subsection.1.7}{Test Cases}{section.1}% 8
\BOOKMARK [2][-]{subsection.1.8}{Output}{section.1}% 9
\BOOKMARK [2][-]{subsection.1.9}{Screen-shots}{section.1}% 10
\BOOKMARK [1][-]{section.2}{Problem Statement 2}{}% 11
\BOOKMARK [2][-]{subsection.2.1}{Problem Statement}{section.2}% 12
\BOOKMARK [2][-]{subsection.2.2}{Assumptions}{section.2}% 13
\BOOKMARK [2][-]{subsection.2.3}{Program Structure}{section.2}% 14
\BOOKMARK [2][-]{subsection.2.4}{Algorithm and Implementation}{section.2}% 15
\BOOKMARK [2][-]{subsection.2.5}{flowchart}{section.2}% 16
\BOOKMARK [2][-]{subsection.2.6}{Input Format and output format}{section.2}% 17
\BOOKMARK [2][-]{subsection.2.7}{Test Cases}{section.2}% 18
\BOOKMARK [2][-]{subsection.2.8}{Screen-shots}{section.2}% 19
\BOOKMARK [1][-]{section.3}{Appendix}{}% 20
\BOOKMARK [2][-]{subsection.3.1}{Appendix-A: code for ps1}{section.3}% 21
\BOOKMARK [2][-]{subsection.3.2}{Appendix-B:code for ps2}{section.3}% 22
